2024-08-20 22:29:42,856 - INFO - Teste conectado ao servidor, aguardando tarefas...
2024-08-20 22:29:42,907 - INFO - Dividindo o bloco de 262144 até 264765 em 12 threads
2024-08-20 22:29:42,907 - INFO - Thread processando bloco de 262144 até 262362
2024-08-20 22:29:42,908 - INFO - Thread processando bloco de 262362 até 262580
2024-08-20 22:29:42,908 - INFO - Thread processando bloco de 262580 até 262798
2024-08-20 22:29:42,909 - INFO - Thread processando bloco de 262798 até 263016
2024-08-20 22:29:42,909 - INFO - Thread processando bloco de 263016 até 263234
2024-08-20 22:29:42,910 - INFO - Thread processando bloco de 263234 até 263452
2024-08-20 22:29:42,911 - INFO - Thread processando bloco de 263452 até 263670
2024-08-20 22:29:42,912 - INFO - Thread processando bloco de 263670 até 263888
2024-08-20 22:29:42,913 - INFO - Thread processando bloco de 263888 até 264106
2024-08-20 22:29:42,915 - INFO - Thread processando bloco de 264106 até 264324
2024-08-20 22:29:42,917 - INFO - Thread processando bloco de 264324 até 264542
2024-08-20 22:29:42,918 - INFO - Thread processando bloco de 264542 até 264765
2024-08-20 22:29:43,740 - INFO - Dividindo o bloco de 264765 até 267386 em 12 threads
2024-08-20 22:29:43,740 - INFO - Thread processando bloco de 264765 até 264983
2024-08-20 22:29:43,740 - INFO - Thread processando bloco de 264983 até 265201
2024-08-20 22:29:43,741 - INFO - Thread processando bloco de 265201 até 265419
2024-08-20 22:29:43,742 - INFO - Thread processando bloco de 265419 até 265637
2024-08-20 22:29:43,742 - INFO - Thread processando bloco de 265637 até 265855
2024-08-20 22:29:43,744 - INFO - Thread processando bloco de 265855 até 266073
2024-08-20 22:29:43,745 - INFO - Thread processando bloco de 266073 até 266291
2024-08-20 22:29:43,746 - INFO - Thread processando bloco de 266291 até 266509
2024-08-20 22:29:43,747 - INFO - Thread processando bloco de 266509 até 266727
2024-08-20 22:29:43,749 - INFO - Thread processando bloco de 266727 até 266945
2024-08-20 22:29:43,750 - INFO - Thread processando bloco de 266945 até 267163
2024-08-20 22:29:43,753 - INFO - Thread processando bloco de 267163 até 267386
2024-08-20 22:29:44,578 - INFO - Dividindo o bloco de 267386 até 270007 em 12 threads
2024-08-20 22:29:44,579 - INFO - Thread processando bloco de 267386 até 267604
2024-08-20 22:29:44,579 - INFO - Thread processando bloco de 267604 até 267822
2024-08-20 22:29:44,580 - INFO - Thread processando bloco de 267822 até 268040
2024-08-20 22:29:44,581 - INFO - Thread processando bloco de 268040 até 268258
2024-08-20 22:29:44,581 - INFO - Thread processando bloco de 268258 até 268476
2024-08-20 22:29:44,583 - INFO - Thread processando bloco de 268476 até 268694
2024-08-20 22:29:44,584 - INFO - Thread processando bloco de 268694 até 268912
2024-08-20 22:29:44,586 - INFO - Thread processando bloco de 268912 até 269130
2024-08-20 22:29:44,588 - INFO - Thread processando bloco de 269130 até 269348
2024-08-20 22:29:44,589 - INFO - Thread processando bloco de 269348 até 269566
2024-08-20 22:29:44,590 - INFO - Thread processando bloco de 269566 até 269784
2024-08-20 22:29:44,591 - INFO - Thread processando bloco de 269784 até 270007
2024-08-20 22:29:45,436 - INFO - Dividindo o bloco de 270007 até 272628 em 12 threads
2024-08-20 22:29:45,437 - INFO - Thread processando bloco de 270007 até 270225
2024-08-20 22:29:45,437 - INFO - Thread processando bloco de 270225 até 270443
2024-08-20 22:29:45,438 - INFO - Thread processando bloco de 270443 até 270661
2024-08-20 22:29:45,439 - INFO - Thread processando bloco de 270661 até 270879
2024-08-20 22:29:45,440 - INFO - Thread processando bloco de 270879 até 271097
2024-08-20 22:29:45,441 - INFO - Thread processando bloco de 271097 até 271315
2024-08-20 22:29:45,443 - INFO - Thread processando bloco de 271315 até 271533
2024-08-20 22:29:45,444 - INFO - Thread processando bloco de 271533 até 271751
2024-08-20 22:29:45,445 - INFO - Thread processando bloco de 271751 até 271969
2024-08-20 22:29:45,447 - INFO - Thread processando bloco de 271969 até 272187
2024-08-20 22:29:45,449 - INFO - Thread processando bloco de 272187 até 272405
2024-08-20 22:29:45,450 - INFO - Thread processando bloco de 272405 até 272628
2024-08-20 22:29:46,280 - INFO - Dividindo o bloco de 272628 até 275249 em 12 threads
2024-08-20 22:29:46,280 - INFO - Thread processando bloco de 272628 até 272846
2024-08-20 22:29:46,281 - INFO - Thread processando bloco de 272846 até 273064
2024-08-20 22:29:46,282 - INFO - Thread processando bloco de 273064 até 273282
2024-08-20 22:29:46,282 - INFO - Thread processando bloco de 273282 até 273500
2024-08-20 22:29:46,284 - INFO - Thread processando bloco de 273500 até 273718
2024-08-20 22:29:46,284 - INFO - Thread processando bloco de 273718 até 273936
2024-08-20 22:29:46,286 - INFO - Thread processando bloco de 273936 até 274154
2024-08-20 22:29:46,288 - INFO - Thread processando bloco de 274154 até 274372
2024-08-20 22:29:46,289 - INFO - Thread processando bloco de 274372 até 274590
2024-08-20 22:29:46,290 - INFO - Thread processando bloco de 274590 até 274808
2024-08-20 22:29:46,291 - INFO - Thread processando bloco de 274808 até 275026
2024-08-20 22:29:46,293 - INFO - Thread processando bloco de 275026 até 275249
2024-08-20 22:29:47,155 - INFO - Dividindo o bloco de 275249 até 277870 em 12 threads
2024-08-20 22:29:47,156 - INFO - Thread processando bloco de 275249 até 275467
2024-08-20 22:29:47,156 - INFO - Thread processando bloco de 275467 até 275685
2024-08-20 22:29:47,157 - INFO - Thread processando bloco de 275685 até 275903
2024-08-20 22:29:47,157 - INFO - Thread processando bloco de 275903 até 276121
2024-08-20 22:29:47,158 - INFO - Thread processando bloco de 276121 até 276339
2024-08-20 22:29:47,159 - INFO - Thread processando bloco de 276339 até 276557
2024-08-20 22:29:47,160 - INFO - Thread processando bloco de 276557 até 276775
2024-08-20 22:29:47,162 - INFO - Thread processando bloco de 276775 até 276993
2024-08-20 22:29:47,163 - INFO - Thread processando bloco de 276993 até 277211
2024-08-20 22:29:47,165 - INFO - Thread processando bloco de 277211 até 277429
2024-08-20 22:29:47,167 - INFO - Thread processando bloco de 277429 até 277647
2024-08-20 22:29:47,168 - INFO - Thread processando bloco de 277647 até 277870
2024-08-20 22:29:48,003 - INFO - Dividindo o bloco de 277870 até 280491 em 12 threads
2024-08-20 22:29:48,003 - INFO - Thread processando bloco de 277870 até 278088
2024-08-20 22:29:48,004 - INFO - Thread processando bloco de 278088 até 278306
2024-08-20 22:29:48,005 - INFO - Thread processando bloco de 278306 até 278524
2024-08-20 22:29:48,005 - INFO - Thread processando bloco de 278524 até 278742
2024-08-20 22:29:48,006 - INFO - Thread processando bloco de 278742 até 278960
2024-08-20 22:29:48,008 - INFO - Thread processando bloco de 278960 até 279178
2024-08-20 22:29:48,009 - INFO - Thread processando bloco de 279178 até 279396
2024-08-20 22:29:48,010 - INFO - Thread processando bloco de 279396 até 279614
2024-08-20 22:29:48,011 - INFO - Thread processando bloco de 279614 até 279832
2024-08-20 22:29:48,012 - INFO - Thread processando bloco de 279832 até 280050
2024-08-20 22:29:48,014 - INFO - Thread processando bloco de 280050 até 280268
2024-08-20 22:29:48,015 - INFO - Thread processando bloco de 280268 até 280491
2024-08-20 22:29:48,861 - INFO - Dividindo o bloco de 280491 até 283112 em 12 threads
2024-08-20 22:29:48,861 - INFO - Thread processando bloco de 280491 até 280709
2024-08-20 22:29:48,861 - INFO - Thread processando bloco de 280709 até 280927
2024-08-20 22:29:48,862 - INFO - Thread processando bloco de 280927 até 281145
2024-08-20 22:29:48,863 - INFO - Thread processando bloco de 281145 até 281363
2024-08-20 22:29:48,864 - INFO - Thread processando bloco de 281363 até 281581
2024-08-20 22:29:48,865 - INFO - Thread processando bloco de 281581 até 281799
2024-08-20 22:29:48,866 - INFO - Thread processando bloco de 281799 até 282017
2024-08-20 22:29:48,868 - INFO - Thread processando bloco de 282017 até 282235
2024-08-20 22:29:48,869 - INFO - Thread processando bloco de 282235 até 282453
2024-08-20 22:29:48,870 - INFO - Thread processando bloco de 282453 até 282671
2024-08-20 22:29:48,872 - INFO - Thread processando bloco de 282671 até 282889
2024-08-20 22:29:48,875 - INFO - Thread processando bloco de 282889 até 283112
2024-08-20 22:29:49,723 - INFO - Dividindo o bloco de 283112 até 285733 em 12 threads
2024-08-20 22:29:49,723 - INFO - Thread processando bloco de 283112 até 283330
2024-08-20 22:29:49,723 - INFO - Thread processando bloco de 283330 até 283548
2024-08-20 22:29:49,724 - INFO - Thread processando bloco de 283548 até 283766
2024-08-20 22:29:49,725 - INFO - Thread processando bloco de 283766 até 283984
2024-08-20 22:29:49,725 - INFO - Thread processando bloco de 283984 até 284202
2024-08-20 22:29:49,727 - INFO - Thread processando bloco de 284202 até 284420
2024-08-20 22:29:49,729 - INFO - Thread processando bloco de 284420 até 284638
2024-08-20 22:29:49,729 - INFO - Thread processando bloco de 284638 até 284856
2024-08-20 22:29:49,730 - INFO - Thread processando bloco de 284856 até 285074
2024-08-20 22:29:49,732 - INFO - Thread processando bloco de 285074 até 285292
2024-08-20 22:29:49,733 - INFO - Thread processando bloco de 285292 até 285510
2024-08-20 22:29:49,735 - INFO - Thread processando bloco de 285510 até 285733
2024-08-20 22:29:50,604 - INFO - Dividindo o bloco de 285733 até 288354 em 12 threads
2024-08-20 22:29:50,604 - INFO - Thread processando bloco de 285733 até 285951
2024-08-20 22:29:50,604 - INFO - Thread processando bloco de 285951 até 286169
2024-08-20 22:29:50,605 - INFO - Thread processando bloco de 286169 até 286387
2024-08-20 22:29:50,606 - INFO - Thread processando bloco de 286387 até 286605
2024-08-20 22:29:50,607 - INFO - Thread processando bloco de 286605 até 286823
2024-08-20 22:29:50,608 - INFO - Thread processando bloco de 286823 até 287041
2024-08-20 22:29:50,609 - INFO - Thread processando bloco de 287041 até 287259
2024-08-20 22:29:50,610 - INFO - Thread processando bloco de 287259 até 287477
2024-08-20 22:29:50,611 - INFO - Thread processando bloco de 287477 até 287695
2024-08-20 22:29:50,613 - INFO - Thread processando bloco de 287695 até 287913
2024-08-20 22:29:50,615 - INFO - Thread processando bloco de 287913 até 288131
2024-08-20 22:29:50,616 - INFO - Thread processando bloco de 288131 até 288354
2024-08-20 22:29:51,535 - INFO - Dividindo o bloco de 288354 até 290975 em 12 threads
2024-08-20 22:29:51,536 - INFO - Thread processando bloco de 288354 até 288572
2024-08-20 22:29:51,536 - INFO - Thread processando bloco de 288572 até 288790
2024-08-20 22:29:51,537 - INFO - Thread processando bloco de 288790 até 289008
2024-08-20 22:29:51,538 - INFO - Thread processando bloco de 289008 até 289226
2024-08-20 22:29:51,539 - INFO - Thread processando bloco de 289226 até 289444
2024-08-20 22:29:51,540 - INFO - Thread processando bloco de 289444 até 289662
2024-08-20 22:29:51,541 - INFO - Thread processando bloco de 289662 até 289880
2024-08-20 22:29:51,542 - INFO - Thread processando bloco de 289880 até 290098
2024-08-20 22:29:51,544 - INFO - Thread processando bloco de 290098 até 290316
2024-08-20 22:29:51,545 - INFO - Thread processando bloco de 290316 até 290534
2024-08-20 22:29:51,547 - INFO - Thread processando bloco de 290534 até 290752
2024-08-20 22:29:51,548 - INFO - Thread processando bloco de 290752 até 290975
2024-08-20 22:29:52,422 - INFO - Dividindo o bloco de 290975 até 293596 em 12 threads
2024-08-20 22:29:52,422 - INFO - Thread processando bloco de 290975 até 291193
2024-08-20 22:29:52,422 - INFO - Thread processando bloco de 291193 até 291411
2024-08-20 22:29:52,423 - INFO - Thread processando bloco de 291411 até 291629
2024-08-20 22:29:52,424 - INFO - Thread processando bloco de 291629 até 291847
2024-08-20 22:29:52,424 - INFO - Thread processando bloco de 291847 até 292065
2024-08-20 22:29:52,425 - INFO - Thread processando bloco de 292065 até 292283
2024-08-20 22:29:52,427 - INFO - Thread processando bloco de 292283 até 292501
2024-08-20 22:29:52,429 - INFO - Thread processando bloco de 292501 até 292719
2024-08-20 22:29:52,430 - INFO - Thread processando bloco de 292719 até 292937
2024-08-20 22:29:52,431 - INFO - Thread processando bloco de 292937 até 293155
2024-08-20 22:29:52,432 - INFO - Thread processando bloco de 293155 até 293373
2024-08-20 22:29:52,433 - INFO - Thread processando bloco de 293373 até 293596
2024-08-20 22:29:53,289 - INFO - Dividindo o bloco de 293596 até 296217 em 12 threads
2024-08-20 22:29:53,290 - INFO - Thread processando bloco de 293596 até 293814
2024-08-20 22:29:53,290 - INFO - Thread processando bloco de 293814 até 294032
2024-08-20 22:29:53,291 - INFO - Thread processando bloco de 294032 até 294250
2024-08-20 22:29:53,292 - INFO - Thread processando bloco de 294250 até 294468
2024-08-20 22:29:53,293 - INFO - Thread processando bloco de 294468 até 294686
2024-08-20 22:29:53,294 - INFO - Thread processando bloco de 294686 até 294904
2024-08-20 22:29:53,295 - INFO - Thread processando bloco de 294904 até 295122
2024-08-20 22:29:53,297 - INFO - Thread processando bloco de 295122 até 295340
2024-08-20 22:29:53,298 - INFO - Thread processando bloco de 295340 até 295558
2024-08-20 22:29:53,300 - INFO - Thread processando bloco de 295558 até 295776
2024-08-20 22:29:53,301 - INFO - Thread processando bloco de 295776 até 295994
2024-08-20 22:29:53,303 - INFO - Thread processando bloco de 295994 até 296217
2024-08-20 22:29:54,136 - INFO - Dividindo o bloco de 296217 até 298838 em 12 threads
2024-08-20 22:29:54,136 - INFO - Thread processando bloco de 296217 até 296435
2024-08-20 22:29:54,137 - INFO - Thread processando bloco de 296435 até 296653
2024-08-20 22:29:54,137 - INFO - Thread processando bloco de 296653 até 296871
2024-08-20 22:29:54,138 - INFO - Thread processando bloco de 296871 até 297089
2024-08-20 22:29:54,139 - INFO - Thread processando bloco de 297089 até 297307
2024-08-20 22:29:54,141 - INFO - Thread processando bloco de 297307 até 297525
2024-08-20 22:29:54,142 - INFO - Thread processando bloco de 297525 até 297743
2024-08-20 22:29:54,143 - INFO - Thread processando bloco de 297743 até 297961
2024-08-20 22:29:54,144 - INFO - Thread processando bloco de 297961 até 298179
2024-08-20 22:29:54,145 - INFO - Thread processando bloco de 298179 até 298397
2024-08-20 22:29:54,146 - INFO - Thread processando bloco de 298397 até 298615
2024-08-20 22:29:54,148 - INFO - Thread processando bloco de 298615 até 298838
2024-08-20 22:29:54,989 - INFO - Dividindo o bloco de 298838 até 301459 em 12 threads
2024-08-20 22:29:54,990 - INFO - Thread processando bloco de 298838 até 299056
2024-08-20 22:29:54,990 - INFO - Thread processando bloco de 299056 até 299274
2024-08-20 22:29:54,991 - INFO - Thread processando bloco de 299274 até 299492
2024-08-20 22:29:54,992 - INFO - Thread processando bloco de 299492 até 299710
2024-08-20 22:29:54,993 - INFO - Thread processando bloco de 299710 até 299928
2024-08-20 22:29:54,994 - INFO - Thread processando bloco de 299928 até 300146
2024-08-20 22:29:54,995 - INFO - Thread processando bloco de 300146 até 300364
2024-08-20 22:29:54,997 - INFO - Thread processando bloco de 300364 até 300582
2024-08-20 22:29:54,998 - INFO - Thread processando bloco de 300582 até 300800
2024-08-20 22:29:55,000 - INFO - Thread processando bloco de 300800 até 301018
2024-08-20 22:29:55,001 - INFO - Thread processando bloco de 301018 até 301236
2024-08-20 22:29:55,002 - INFO - Thread processando bloco de 301236 até 301459
2024-08-20 22:29:55,863 - INFO - Dividindo o bloco de 301459 até 304080 em 12 threads
2024-08-20 22:29:55,864 - INFO - Thread processando bloco de 301459 até 301677
2024-08-20 22:29:55,864 - INFO - Thread processando bloco de 301677 até 301895
2024-08-20 22:29:55,865 - INFO - Thread processando bloco de 301895 até 302113
2024-08-20 22:29:55,865 - INFO - Thread processando bloco de 302113 até 302331
2024-08-20 22:29:55,866 - INFO - Thread processando bloco de 302331 até 302549
2024-08-20 22:29:55,867 - INFO - Thread processando bloco de 302549 até 302767
2024-08-20 22:29:55,869 - INFO - Thread processando bloco de 302767 até 302985
2024-08-20 22:29:55,870 - INFO - Thread processando bloco de 302985 até 303203
2024-08-20 22:29:55,871 - INFO - Thread processando bloco de 303203 até 303421
2024-08-20 22:29:55,872 - INFO - Thread processando bloco de 303421 até 303639
2024-08-20 22:29:55,874 - INFO - Thread processando bloco de 303639 até 303857
2024-08-20 22:29:55,875 - INFO - Thread processando bloco de 303857 até 304080
2024-08-20 22:29:56,740 - INFO - Dividindo o bloco de 304080 até 306701 em 12 threads
2024-08-20 22:29:56,741 - INFO - Thread processando bloco de 304080 até 304298
2024-08-20 22:29:56,741 - INFO - Thread processando bloco de 304298 até 304516
2024-08-20 22:29:56,741 - INFO - Thread processando bloco de 304516 até 304734
2024-08-20 22:29:56,742 - INFO - Thread processando bloco de 304734 até 304952
2024-08-20 22:29:56,743 - INFO - Thread processando bloco de 304952 até 305170
2024-08-20 22:29:56,744 - INFO - Thread processando bloco de 305170 até 305388
2024-08-20 22:29:56,745 - INFO - Thread processando bloco de 305388 até 305606
2024-08-20 22:29:56,746 - INFO - Thread processando bloco de 305606 até 305824
2024-08-20 22:29:56,747 - INFO - Thread processando bloco de 305824 até 306042
2024-08-20 22:29:56,750 - INFO - Thread processando bloco de 306042 até 306260
2024-08-20 22:29:56,751 - INFO - Thread processando bloco de 306260 até 306478
2024-08-20 22:29:56,753 - INFO - Thread processando bloco de 306478 até 306701
2024-08-20 22:29:57,619 - INFO - Dividindo o bloco de 306701 até 309322 em 12 threads
2024-08-20 22:29:57,620 - INFO - Thread processando bloco de 306701 até 306919
2024-08-20 22:29:57,620 - INFO - Thread processando bloco de 306919 até 307137
2024-08-20 22:29:57,621 - INFO - Thread processando bloco de 307137 até 307355
2024-08-20 22:29:57,622 - INFO - Thread processando bloco de 307355 até 307573
2024-08-20 22:29:57,623 - INFO - Thread processando bloco de 307573 até 307791
2024-08-20 22:29:57,624 - INFO - Thread processando bloco de 307791 até 308009
2024-08-20 22:29:57,625 - INFO - Thread processando bloco de 308009 até 308227
2024-08-20 22:29:57,627 - INFO - Thread processando bloco de 308227 até 308445
2024-08-20 22:29:57,629 - INFO - Thread processando bloco de 308445 até 308663
2024-08-20 22:29:57,630 - INFO - Thread processando bloco de 308663 até 308881
2024-08-20 22:29:57,631 - INFO - Thread processando bloco de 308881 até 309099
2024-08-20 22:29:57,632 - INFO - Thread processando bloco de 309099 até 309322
2024-08-20 22:29:58,500 - INFO - Dividindo o bloco de 309322 até 311943 em 12 threads
2024-08-20 22:29:58,500 - INFO - Thread processando bloco de 309322 até 309540
2024-08-20 22:29:58,500 - INFO - Thread processando bloco de 309540 até 309758
2024-08-20 22:29:58,501 - INFO - Thread processando bloco de 309758 até 309976
2024-08-20 22:29:58,502 - INFO - Thread processando bloco de 309976 até 310194
2024-08-20 22:29:58,502 - INFO - Thread processando bloco de 310194 até 310412
2024-08-20 22:29:58,503 - INFO - Thread processando bloco de 310412 até 310630
2024-08-20 22:29:58,505 - INFO - Thread processando bloco de 310630 até 310848
2024-08-20 22:29:58,507 - INFO - Thread processando bloco de 310848 até 311066
2024-08-20 22:29:58,508 - INFO - Thread processando bloco de 311066 até 311284
2024-08-20 22:29:58,509 - INFO - Thread processando bloco de 311284 até 311502
2024-08-20 22:29:58,511 - INFO - Thread processando bloco de 311502 até 311720
2024-08-20 22:29:58,512 - INFO - Thread processando bloco de 311720 até 311943
2024-08-20 22:29:59,369 - INFO - Dividindo o bloco de 311943 até 314564 em 12 threads
2024-08-20 22:29:59,369 - INFO - Thread processando bloco de 311943 até 312161
2024-08-20 22:29:59,370 - INFO - Thread processando bloco de 312161 até 312379
2024-08-20 22:29:59,370 - INFO - Thread processando bloco de 312379 até 312597
2024-08-20 22:29:59,371 - INFO - Thread processando bloco de 312597 até 312815
2024-08-20 22:29:59,372 - INFO - Thread processando bloco de 312815 até 313033
2024-08-20 22:29:59,373 - INFO - Thread processando bloco de 313033 até 313251
2024-08-20 22:29:59,374 - INFO - Thread processando bloco de 313251 até 313469
2024-08-20 22:29:59,375 - INFO - Thread processando bloco de 313469 até 313687
2024-08-20 22:29:59,376 - INFO - Thread processando bloco de 313687 até 313905
2024-08-20 22:29:59,378 - INFO - Thread processando bloco de 313905 até 314123
2024-08-20 22:29:59,380 - INFO - Thread processando bloco de 314123 até 314341
2024-08-20 22:29:59,381 - INFO - Thread processando bloco de 314341 até 314564
2024-08-20 22:30:00,234 - INFO - Dividindo o bloco de 314564 até 317185 em 12 threads
2024-08-20 22:30:00,234 - INFO - Thread processando bloco de 314564 até 314782
2024-08-20 22:30:00,235 - INFO - Thread processando bloco de 314782 até 315000
2024-08-20 22:30:00,235 - INFO - Thread processando bloco de 315000 até 315218
2024-08-20 22:30:00,236 - INFO - Thread processando bloco de 315218 até 315436
2024-08-20 22:30:00,236 - INFO - Thread processando bloco de 315436 até 315654
2024-08-20 22:30:00,238 - INFO - Thread processando bloco de 315654 até 315872
2024-08-20 22:30:00,239 - INFO - Thread processando bloco de 315872 até 316090
2024-08-20 22:30:00,240 - INFO - Thread processando bloco de 316090 até 316308
2024-08-20 22:30:00,241 - INFO - Thread processando bloco de 316308 até 316526
2024-08-20 22:30:00,243 - INFO - Thread processando bloco de 316526 até 316744
2024-08-20 22:30:00,244 - INFO - Thread processando bloco de 316744 até 316962
2024-08-20 22:30:00,246 - INFO - Thread processando bloco de 316962 até 317185
2024-08-20 22:30:01,127 - INFO - Dividindo o bloco de 317185 até 319806 em 12 threads
2024-08-20 22:30:01,127 - INFO - Thread processando bloco de 317185 até 317403
2024-08-20 22:30:01,128 - INFO - Thread processando bloco de 317403 até 317621
2024-08-20 22:30:01,128 - INFO - Thread processando bloco de 317621 até 317839
2024-08-20 22:30:01,129 - INFO - Thread processando bloco de 317839 até 318057
2024-08-20 22:30:01,130 - INFO - Thread processando bloco de 318057 até 318275
2024-08-20 22:30:01,131 - INFO - Thread processando bloco de 318275 até 318493
2024-08-20 22:30:01,133 - INFO - Thread processando bloco de 318493 até 318711
2024-08-20 22:30:01,135 - INFO - Thread processando bloco de 318711 até 318929
2024-08-20 22:30:01,135 - INFO - Thread processando bloco de 318929 até 319147
2024-08-20 22:30:01,136 - INFO - Thread processando bloco de 319147 até 319365
2024-08-20 22:30:01,137 - INFO - Thread processando bloco de 319365 até 319583
2024-08-20 22:30:01,138 - INFO - Thread processando bloco de 319583 até 319806
2024-08-20 22:30:02,005 - INFO - Dividindo o bloco de 319806 até 322427 em 12 threads
2024-08-20 22:30:02,005 - INFO - Thread processando bloco de 319806 até 320024
2024-08-20 22:30:02,006 - INFO - Thread processando bloco de 320024 até 320242
2024-08-20 22:30:02,006 - INFO - Thread processando bloco de 320242 até 320460
2024-08-20 22:30:02,007 - INFO - Thread processando bloco de 320460 até 320678
2024-08-20 22:30:02,008 - INFO - Thread processando bloco de 320678 até 320896
2024-08-20 22:30:02,009 - INFO - Thread processando bloco de 320896 até 321114
2024-08-20 22:30:02,010 - INFO - Thread processando bloco de 321114 até 321332
2024-08-20 22:30:02,011 - INFO - Thread processando bloco de 321332 até 321550
2024-08-20 22:30:02,012 - INFO - Thread processando bloco de 321550 até 321768
2024-08-20 22:30:02,014 - INFO - Thread processando bloco de 321768 até 321986
2024-08-20 22:30:02,015 - INFO - Thread processando bloco de 321986 até 322204
2024-08-20 22:30:02,016 - INFO - Thread processando bloco de 322204 até 322427
2024-08-20 22:30:02,869 - INFO - Dividindo o bloco de 322427 até 325048 em 12 threads
2024-08-20 22:30:02,870 - INFO - Thread processando bloco de 322427 até 322645
2024-08-20 22:30:02,870 - INFO - Thread processando bloco de 322645 até 322863
2024-08-20 22:30:02,871 - INFO - Thread processando bloco de 322863 até 323081
2024-08-20 22:30:02,872 - INFO - Thread processando bloco de 323081 até 323299
2024-08-20 22:30:02,873 - INFO - Thread processando bloco de 323299 até 323517
2024-08-20 22:30:02,875 - INFO - Thread processando bloco de 323517 até 323735
2024-08-20 22:30:02,875 - INFO - Thread processando bloco de 323735 até 323953
2024-08-20 22:30:02,877 - INFO - Thread processando bloco de 323953 até 324171
2024-08-20 22:30:02,878 - INFO - Thread processando bloco de 324171 até 324389
2024-08-20 22:30:02,879 - INFO - Thread processando bloco de 324389 até 324607
2024-08-20 22:30:02,881 - INFO - Thread processando bloco de 324607 até 324825
2024-08-20 22:30:02,882 - INFO - Thread processando bloco de 324825 até 325048
2024-08-20 22:30:03,721 - INFO - Dividindo o bloco de 325048 até 327669 em 12 threads
2024-08-20 22:30:03,722 - INFO - Thread processando bloco de 325048 até 325266
2024-08-20 22:30:03,722 - INFO - Thread processando bloco de 325266 até 325484
2024-08-20 22:30:03,723 - INFO - Thread processando bloco de 325484 até 325702
2024-08-20 22:30:03,724 - INFO - Thread processando bloco de 325702 até 325920
2024-08-20 22:30:03,724 - INFO - Thread processando bloco de 325920 até 326138
2024-08-20 22:30:03,726 - INFO - Thread processando bloco de 326138 até 326356
2024-08-20 22:30:03,728 - INFO - Thread processando bloco de 326356 até 326574
2024-08-20 22:30:03,729 - INFO - Thread processando bloco de 326574 até 326792
2024-08-20 22:30:03,731 - INFO - Thread processando bloco de 326792 até 327010
2024-08-20 22:30:03,732 - INFO - Thread processando bloco de 327010 até 327228
2024-08-20 22:30:03,733 - INFO - Thread processando bloco de 327228 até 327446
2024-08-20 22:30:03,734 - INFO - Thread processando bloco de 327446 até 327669
2024-08-20 22:30:04,570 - INFO - Dividindo o bloco de 327669 até 330290 em 12 threads
2024-08-20 22:30:04,571 - INFO - Thread processando bloco de 327669 até 327887
2024-08-20 22:30:04,571 - INFO - Thread processando bloco de 327887 até 328105
2024-08-20 22:30:04,572 - INFO - Thread processando bloco de 328105 até 328323
2024-08-20 22:30:04,573 - INFO - Thread processando bloco de 328323 até 328541
2024-08-20 22:30:04,574 - INFO - Thread processando bloco de 328541 até 328759
2024-08-20 22:30:04,576 - INFO - Thread processando bloco de 328759 até 328977
2024-08-20 22:30:04,576 - INFO - Thread processando bloco de 328977 até 329195
2024-08-20 22:30:04,577 - INFO - Thread processando bloco de 329195 até 329413
2024-08-20 22:30:04,578 - INFO - Thread processando bloco de 329413 até 329631
2024-08-20 22:30:04,579 - INFO - Thread processando bloco de 329631 até 329849
2024-08-20 22:30:04,581 - INFO - Thread processando bloco de 329849 até 330067
2024-08-20 22:30:04,582 - INFO - Thread processando bloco de 330067 até 330290
2024-08-20 22:30:05,407 - INFO - Dividindo o bloco de 330290 até 332911 em 12 threads
2024-08-20 22:30:05,407 - INFO - Thread processando bloco de 330290 até 330508
2024-08-20 22:30:05,408 - INFO - Thread processando bloco de 330508 até 330726
2024-08-20 22:30:05,408 - INFO - Thread processando bloco de 330726 até 330944
2024-08-20 22:30:05,409 - INFO - Thread processando bloco de 330944 até 331162
2024-08-20 22:30:05,410 - INFO - Thread processando bloco de 331162 até 331380
2024-08-20 22:30:05,411 - INFO - Thread processando bloco de 331380 até 331598
2024-08-20 22:30:05,412 - INFO - Thread processando bloco de 331598 até 331816
2024-08-20 22:30:05,415 - INFO - Thread processando bloco de 331816 até 332034
2024-08-20 22:30:05,416 - INFO - Thread processando bloco de 332034 até 332252
2024-08-20 22:30:05,417 - INFO - Thread processando bloco de 332252 até 332470
2024-08-20 22:30:05,418 - INFO - Thread processando bloco de 332470 até 332688
2024-08-20 22:30:05,419 - INFO - Thread processando bloco de 332688 até 332911
2024-08-20 22:30:06,270 - INFO - Dividindo o bloco de 332911 até 335532 em 12 threads
2024-08-20 22:30:06,270 - INFO - Thread processando bloco de 332911 até 333129
2024-08-20 22:30:06,271 - INFO - Thread processando bloco de 333129 até 333347
2024-08-20 22:30:06,271 - INFO - Thread processando bloco de 333347 até 333565
2024-08-20 22:30:06,272 - INFO - Thread processando bloco de 333565 até 333783
2024-08-20 22:30:06,273 - INFO - Thread processando bloco de 333783 até 334001
2024-08-20 22:30:06,274 - INFO - Thread processando bloco de 334001 até 334219
2024-08-20 22:30:06,276 - INFO - Thread processando bloco de 334219 até 334437
2024-08-20 22:30:06,277 - INFO - Thread processando bloco de 334437 até 334655
2024-08-20 22:30:06,279 - INFO - Thread processando bloco de 334655 até 334873
2024-08-20 22:30:06,280 - INFO - Thread processando bloco de 334873 até 335091
2024-08-20 22:30:06,282 - INFO - Thread processando bloco de 335091 até 335309
2024-08-20 22:30:06,283 - INFO - Thread processando bloco de 335309 até 335532
2024-08-20 22:30:07,136 - INFO - Dividindo o bloco de 335532 até 338153 em 12 threads
2024-08-20 22:30:07,136 - INFO - Thread processando bloco de 335532 até 335750
2024-08-20 22:30:07,137 - INFO - Thread processando bloco de 335750 até 335968
2024-08-20 22:30:07,137 - INFO - Thread processando bloco de 335968 até 336186
2024-08-20 22:30:07,138 - INFO - Thread processando bloco de 336186 até 336404
2024-08-20 22:30:07,138 - INFO - Thread processando bloco de 336404 até 336622
2024-08-20 22:30:07,139 - INFO - Thread processando bloco de 336622 até 336840
2024-08-20 22:30:07,141 - INFO - Thread processando bloco de 336840 até 337058
2024-08-20 22:30:07,142 - INFO - Thread processando bloco de 337058 até 337276
2024-08-20 22:30:07,144 - INFO - Thread processando bloco de 337276 até 337494
2024-08-20 22:30:07,145 - INFO - Thread processando bloco de 337494 até 337712
2024-08-20 22:30:07,147 - INFO - Thread processando bloco de 337712 até 337930
2024-08-20 22:30:07,148 - INFO - Thread processando bloco de 337930 até 338153
2024-08-20 22:30:07,998 - INFO - Dividindo o bloco de 338153 até 340774 em 12 threads
2024-08-20 22:30:07,998 - INFO - Thread processando bloco de 338153 até 338371
2024-08-20 22:30:07,999 - INFO - Thread processando bloco de 338371 até 338589
2024-08-20 22:30:07,999 - INFO - Thread processando bloco de 338589 até 338807
2024-08-20 22:30:08,000 - INFO - Thread processando bloco de 338807 até 339025
2024-08-20 22:30:08,001 - INFO - Thread processando bloco de 339025 até 339243
2024-08-20 22:30:08,002 - INFO - Thread processando bloco de 339243 até 339461
2024-08-20 22:30:08,002 - INFO - Thread processando bloco de 339461 até 339679
2024-08-20 22:30:08,004 - INFO - Thread processando bloco de 339679 até 339897
2024-08-20 22:30:08,005 - INFO - Thread processando bloco de 339897 até 340115
2024-08-20 22:30:08,006 - INFO - Thread processando bloco de 340115 até 340333
2024-08-20 22:30:08,008 - INFO - Thread processando bloco de 340333 até 340551
2024-08-20 22:30:08,010 - INFO - Thread processando bloco de 340551 até 340774
2024-08-20 22:30:08,875 - INFO - Dividindo o bloco de 340774 até 343395 em 12 threads
2024-08-20 22:30:08,875 - INFO - Thread processando bloco de 340774 até 340992
2024-08-20 22:30:08,876 - INFO - Thread processando bloco de 340992 até 341210
2024-08-20 22:30:08,876 - INFO - Thread processando bloco de 341210 até 341428
2024-08-20 22:30:08,877 - INFO - Thread processando bloco de 341428 até 341646
2024-08-20 22:30:08,878 - INFO - Thread processando bloco de 341646 até 341864
2024-08-20 22:30:08,879 - INFO - Thread processando bloco de 341864 até 342082
2024-08-20 22:30:08,880 - INFO - Thread processando bloco de 342082 até 342300
2024-08-20 22:30:08,882 - INFO - Thread processando bloco de 342300 até 342518
2024-08-20 22:30:08,883 - INFO - Thread processando bloco de 342518 até 342736
2024-08-20 22:30:08,886 - INFO - Thread processando bloco de 342736 até 342954
2024-08-20 22:30:08,886 - INFO - Thread processando bloco de 342954 até 343172
2024-08-20 22:30:08,888 - INFO - Thread processando bloco de 343172 até 343395
2024-08-20 22:30:09,760 - INFO - Dividindo o bloco de 343395 até 346016 em 12 threads
2024-08-20 22:30:09,760 - INFO - Thread processando bloco de 343395 até 343613
2024-08-20 22:30:09,760 - INFO - Thread processando bloco de 343613 até 343831
2024-08-20 22:30:09,761 - INFO - Thread processando bloco de 343831 até 344049
2024-08-20 22:30:09,762 - INFO - Thread processando bloco de 344049 até 344267
2024-08-20 22:30:09,763 - INFO - Thread processando bloco de 344267 até 344485
2024-08-20 22:30:09,764 - INFO - Thread processando bloco de 344485 até 344703
2024-08-20 22:30:09,766 - INFO - Thread processando bloco de 344703 até 344921
2024-08-20 22:30:09,767 - INFO - Thread processando bloco de 344921 até 345139
2024-08-20 22:30:09,768 - INFO - Thread processando bloco de 345139 até 345357
2024-08-20 22:30:09,769 - INFO - Thread processando bloco de 345357 até 345575
2024-08-20 22:30:09,770 - INFO - Thread processando bloco de 345575 até 345793
2024-08-20 22:30:09,771 - INFO - Thread processando bloco de 345793 até 346016
2024-08-20 22:30:10,612 - INFO - Dividindo o bloco de 346016 até 348637 em 12 threads
2024-08-20 22:30:10,612 - INFO - Thread processando bloco de 346016 até 346234
2024-08-20 22:30:10,613 - INFO - Thread processando bloco de 346234 até 346452
2024-08-20 22:30:10,613 - INFO - Thread processando bloco de 346452 até 346670
2024-08-20 22:30:10,614 - INFO - Thread processando bloco de 346670 até 346888
2024-08-20 22:30:10,615 - INFO - Thread processando bloco de 346888 até 347106
2024-08-20 22:30:10,616 - INFO - Thread processando bloco de 347106 até 347324
2024-08-20 22:30:10,618 - INFO - Thread processando bloco de 347324 até 347542
2024-08-20 22:30:10,619 - INFO - Thread processando bloco de 347542 até 347760
2024-08-20 22:30:10,619 - INFO - Thread processando bloco de 347760 até 347978
2024-08-20 22:30:10,621 - INFO - Thread processando bloco de 347978 até 348196
2024-08-20 22:30:10,622 - INFO - Thread processando bloco de 348196 até 348414
2024-08-20 22:30:10,624 - INFO - Thread processando bloco de 348414 até 348637
2024-08-20 22:30:11,484 - INFO - Dividindo o bloco de 348637 até 351258 em 12 threads
2024-08-20 22:30:11,484 - INFO - Thread processando bloco de 348637 até 348855
2024-08-20 22:30:11,485 - INFO - Thread processando bloco de 348855 até 349073
2024-08-20 22:30:11,485 - INFO - Thread processando bloco de 349073 até 349291
2024-08-20 22:30:11,486 - INFO - Thread processando bloco de 349291 até 349509
2024-08-20 22:30:11,487 - INFO - Thread processando bloco de 349509 até 349727
2024-08-20 22:30:11,488 - INFO - Thread processando bloco de 349727 até 349945
2024-08-20 22:30:11,490 - INFO - Thread processando bloco de 349945 até 350163
2024-08-20 22:30:11,491 - INFO - Thread processando bloco de 350163 até 350381
2024-08-20 22:30:11,492 - INFO - Thread processando bloco de 350381 até 350599
2024-08-20 22:30:11,494 - INFO - Thread processando bloco de 350599 até 350817
2024-08-20 22:30:11,495 - INFO - Thread processando bloco de 350817 até 351035
2024-08-20 22:30:11,497 - INFO - Thread processando bloco de 351035 até 351258
2024-08-20 22:30:12,372 - INFO - Dividindo o bloco de 351258 até 353879 em 12 threads
2024-08-20 22:30:12,373 - INFO - Thread processando bloco de 351258 até 351476
2024-08-20 22:30:12,373 - INFO - Thread processando bloco de 351476 até 351694
2024-08-20 22:30:12,374 - INFO - Thread processando bloco de 351694 até 351912
2024-08-20 22:30:12,375 - INFO - Thread processando bloco de 351912 até 352130
2024-08-20 22:30:12,375 - INFO - Thread processando bloco de 352130 até 352348
2024-08-20 22:30:12,378 - INFO - Thread processando bloco de 352348 até 352566
2024-08-20 22:30:12,379 - INFO - Thread processando bloco de 352566 até 352784
2024-08-20 22:30:12,381 - INFO - Thread processando bloco de 352784 até 353002
2024-08-20 22:30:12,382 - INFO - Thread processando bloco de 353002 até 353220
2024-08-20 22:30:12,383 - INFO - Thread processando bloco de 353220 até 353438
2024-08-20 22:30:12,384 - INFO - Thread processando bloco de 353438 até 353656
2024-08-20 22:30:12,384 - INFO - Thread processando bloco de 353656 até 353879
2024-08-20 22:30:13,259 - INFO - Dividindo o bloco de 353879 até 356500 em 12 threads
2024-08-20 22:30:13,259 - INFO - Thread processando bloco de 353879 até 354097
2024-08-20 22:30:13,260 - INFO - Thread processando bloco de 354097 até 354315
2024-08-20 22:30:13,261 - INFO - Thread processando bloco de 354315 até 354533
2024-08-20 22:30:13,261 - INFO - Thread processando bloco de 354533 até 354751
2024-08-20 22:30:13,263 - INFO - Thread processando bloco de 354751 até 354969
2024-08-20 22:30:13,264 - INFO - Thread processando bloco de 354969 até 355187
2024-08-20 22:30:13,265 - INFO - Thread processando bloco de 355187 até 355405
2024-08-20 22:30:13,266 - INFO - Thread processando bloco de 355405 até 355623
2024-08-20 22:30:13,267 - INFO - Thread processando bloco de 355623 até 355841
2024-08-20 22:30:13,268 - INFO - Thread processando bloco de 355841 até 356059
2024-08-20 22:30:13,270 - INFO - Thread processando bloco de 356059 até 356277
2024-08-20 22:30:13,271 - INFO - Thread processando bloco de 356277 até 356500
2024-08-20 22:30:14,129 - INFO - Dividindo o bloco de 356500 até 359121 em 12 threads
2024-08-20 22:30:14,130 - INFO - Thread processando bloco de 356500 até 356718
2024-08-20 22:30:14,130 - INFO - Thread processando bloco de 356718 até 356936
2024-08-20 22:30:14,131 - INFO - Thread processando bloco de 356936 até 357154
2024-08-20 22:30:14,131 - INFO - Thread processando bloco de 357154 até 357372
2024-08-20 22:30:14,132 - INFO - Thread processando bloco de 357372 até 357590
2024-08-20 22:30:14,134 - INFO - Thread processando bloco de 357590 até 357808
2024-08-20 22:30:14,135 - INFO - Thread processando bloco de 357808 até 358026
2024-08-20 22:30:14,136 - INFO - Thread processando bloco de 358026 até 358244
2024-08-20 22:30:14,138 - INFO - Thread processando bloco de 358244 até 358462
2024-08-20 22:30:14,139 - INFO - Thread processando bloco de 358462 até 358680
2024-08-20 22:30:14,140 - INFO - Thread processando bloco de 358680 até 358898
2024-08-20 22:30:14,141 - INFO - Thread processando bloco de 358898 até 359121
2024-08-20 22:30:14,859 - INFO - Chave privada encontrada por Teste: 0x5749f
2024-08-20 22:30:14,867 - INFO - Processo interrompido, chave já encontrada por Teste
